#
# There is insufficient memory for the Java Runtime Environment to continue.
# Native memory allocation (malloc) failed to allocate 32744 bytes for ChunkPool::allocate
# Possible reasons:
#   The system is out of physical RAM or swap space
#   In 32 bit mode, the process size limit was hit
# Possible solutions:
#   Reduce memory load on the system
#   Increase physical memory or swap space
#   Check if swap backing store is full
#   Use 64 bit Java on a 64 bit OS
#   Decrease Java heap size (-Xmx/-Xms)
#   Decrease number of Java threads
#   Decrease Java thread stack sizes (-Xss)
#   Set larger code cache with -XX:ReservedCodeCacheSize=
# This output file may be truncated or incomplete.
#
#  Out of Memory Error (allocation.cpp:273), pid=82536, tid=0x000000000001095c
#
# JRE version: Java(TM) SE Runtime Environment (8.0_144-b01) (build 1.8.0_144-b01)
# Java VM: Java HotSpot(TM) 64-Bit Server VM (25.144-b01 mixed mode windows-amd64 compressed oops)
# Failed to write core dump. Minidumps are not enabled by default on client versions of Windows
#

---------------  T H R E A D  ---------------

Current thread (0x0000000054ed5800):  JavaThread "C1 CompilerThread1" daemon [_thread_in_native, id=67932, stack(0x00000000566e0000,0x00000000567e0000)]

Stack: [0x00000000566e0000,0x00000000567e0000]
[error occurred during error reporting (printing stack bounds), id 0xc0000005]

Native frames: (J=compiled Java code, j=interpreted, Vv=VM code, C=native code)


Current CompileTask:
C1:181317058 7065   !   3      
[error occurred during error reporting (printing current compile task), id 0xe0000001]


---------------  P R O C E S S  ---------------

Java Threads: ( => current thread )
  0x00000000607e5800 JavaThread "HikariPool-1 connection adder" daemon [_thread_blocked, id=113996, stack(0x000000005ed60000,0x000000005ee60000)]
  0x00000000607e6000 JavaThread "HikariPool-1 connection closer" daemon [_thread_blocked, id=68484, stack(0x0000000061d70000,0x0000000061e70000)]
  0x00000000607e4800 JavaThread "DestroyJavaVM" [_thread_blocked, id=74132, stack(0x0000000002420000,0x0000000002520000)]
  0x00000000607e4000 JavaThread "http-nio-4545-AsyncTimeout" daemon [_thread_blocked, id=78200, stack(0x0000000061a50000,0x0000000061b50000)]
  0x00000000607e3000 JavaThread "http-nio-4545-Acceptor-0" daemon [_thread_in_native, id=77744, stack(0x0000000061850000,0x0000000061950000)]
  0x00000000607e2800 JavaThread "http-nio-4545-ClientPoller-1" daemon [_thread_in_native, id=74236, stack(0x0000000061690000,0x0000000061790000)]
  0x00000000607e1800 JavaThread "http-nio-4545-ClientPoller-0" daemon [_thread_in_native, id=75060, stack(0x00000000614f0000,0x00000000615f0000)]
  0x00000000607e1000 JavaThread "http-nio-4545-exec-10" daemon [_thread_blocked, id=71032, stack(0x0000000061390000,0x0000000061490000)]
  0x00000000607e0000 JavaThread "http-nio-4545-exec-9" daemon [_thread_blocked, id=76364, stack(0x0000000061240000,0x0000000061340000)]
  0x00000000607df800 JavaThread "http-nio-4545-exec-8" daemon [_thread_blocked, id=75752, stack(0x00000000600b0000,0x00000000601b0000)]
  0x00000000581f1000 JavaThread "http-nio-4545-exec-7" daemon [_thread_blocked, id=83752, stack(0x000000005ff40000,0x0000000060040000)]
  0x00000000581f0800 JavaThread "http-nio-4545-exec-6" daemon [_thread_blocked, id=75352, stack(0x000000005ec60000,0x000000005ed60000)]
  0x00000000581ef800 JavaThread "http-nio-4545-exec-5" daemon [_thread_blocked, id=78596, stack(0x000000005eb20000,0x000000005ec20000)]
  0x00000000581ef000 JavaThread "http-nio-4545-exec-4" daemon [_thread_blocked, id=81512, stack(0x000000005dff0000,0x000000005e0f0000)]
  0x00000000581ee000 JavaThread "http-nio-4545-exec-3" daemon [_thread_blocked, id=77348, stack(0x000000005d210000,0x000000005d310000)]
  0x00000000581ed800 JavaThread "http-nio-4545-exec-2" daemon [_thread_blocked, id=77108, stack(0x000000005a720000,0x000000005a820000)]
  0x00000000581ec800 JavaThread "http-nio-4545-exec-1" daemon [_thread_blocked, id=79056, stack(0x000000005e960000,0x000000005ea60000)]
  0x00000000581eb800 JavaThread "NioBlockingSelector.BlockPoller-1" daemon [_thread_in_native, id=73792, stack(0x000000005ceb0000,0x000000005cfb0000)]
  0x00000000581ea000 JavaThread "HikariPool-1 housekeeper" daemon [_thread_blocked, id=75976, stack(0x000000005d890000,0x000000005d990000)]
  0x0000000056ec4000 JavaThread "Abandoned connection cleanup thread" daemon [_thread_blocked, id=69936, stack(0x000000005d330000,0x000000005d430000)]
  0x00000000571c1000 JavaThread "container-0" [_thread_blocked, id=75492, stack(0x000000005cfc0000,0x000000005d0c0000)]
  0x0000000058088000 JavaThread "ContainerBackgroundProcessor[StandardEngine[Tomcat]]" daemon [_thread_blocked, id=78688, stack(0x000000005d0f0000,0x000000005d1f0000)]
  0x000000005680b000 JavaThread "Service Thread" daemon [_thread_blocked, id=76628, stack(0x0000000056c60000,0x0000000056d60000)]
=>0x0000000054ed5800 JavaThread "C1 CompilerThread1" daemon [_thread_in_native, id=67932, stack(0x00000000566e0000,0x00000000567e0000)]
  0x0000000054ed3800 JavaThread "C2 CompilerThread0" daemon [_thread_blocked, id=74108, stack(0x0000000056290000,0x0000000056390000)]
  0x0000000054ed1000 JavaThread "JDWP Command Reader" daemon [_thread_in_native, id=70412, stack(0x0000000056560000,0x0000000056660000)]
  0x0000000054ec0000 JavaThread "JDWP Event Helper Thread" daemon [_thread_blocked, id=55156, stack(0x0000000056390000,0x0000000056490000)]
  0x0000000054ebd800 JavaThread "JDWP Transport Listener: dt_socket" daemon [_thread_blocked, id=67596, stack(0x00000000560f0000,0x00000000561f0000)]
  0x0000000054ea8000 JavaThread "Attach Listener" daemon [_thread_blocked, id=66452, stack(0x0000000055fb0000,0x00000000560b0000)]
  0x0000000054eb7000 JavaThread "Signal Dispatcher" daemon [_thread_blocked, id=72888, stack(0x0000000055d60000,0x0000000055e60000)]
  0x0000000054e92000 JavaThread "Finalizer" daemon [_thread_blocked, id=73172, stack(0x0000000055870000,0x0000000055970000)]
  0x0000000054e48800 JavaThread "Reference Handler" daemon [_thread_blocked, id=71092, stack(0x0000000055b40000,0x0000000055c40000)]

Other Threads:
  0x0000000054e40800 VMThread [stack: 0x0000000055970000,0x0000000055a70000] [id=69788]
  0x0000000056837000 WatcherThread [stack: 0x0000000055c40000,0x0000000055d40000] [id=76216]

VM state:not at safepoint (normal execution)

VM Mutex/Monitor currently owned by a thread: None

Heap:
 PSYoungGen      total 324096K, used 155606K [0x00000000eab00000, 0x0000000100000000, 0x0000000100000000)
  eden space 308224K, 45% used [0x00000000eab00000,0x00000000f33e8878,0x00000000fd800000)
  from space 15872K, 97% used [0x00000000fd800000,0x00000000fe70d250,0x00000000fe780000)
  to   space 21504K, 0% used [0x00000000feb00000,0x00000000feb00000,0x0000000100000000)
 ParOldGen       total 58368K, used 28896K [0x00000000c0000000, 0x00000000c3900000, 0x00000000eab00000)
  object space 58368K, 49% used [0x00000000c0000000,0x00000000c1c38010,0x00000000c3900000)
 Metaspace       used 58001K, capacity 60486K, committed 60760K, reserved 1101824K
  class space    used 7511K, capacity 7918K, committed 8024K, reserved 1048576K

Card table byte_map: [0x0000000011bb0000,0x0000000011dc0000] byte_map_base: 0x00000000115b0000

Marking Bits: (ParMarkBitMap*) 0x000000006d08d850
 Begin Bits: [0x0000000012310000, 0x0000000013310000)
 End Bits:   [0x0000000013310000, 0x0000000014310000)

Polling page: 0x0000000000120000

CodeCache: size=245760Kb used=21485Kb max_used=21510Kb free=224274Kb
 bounds [0x00000000027f0000, 0x0000000003d20000, 0x00000000117f0000]
 total_blobs=6350 nmethods=5806 adapters=465
 compilation: enabled

Compilation events (10 events):
Event: 175971.981 Thread 0x0000000054ed3800 nmethod 7042 0x0000000003d0f850 code [0x0000000003d0fc60, 0x0000000003d14f00]
Event: 181316.813 Thread 0x0000000054ed5800 7043       3       java.net.Socket::<init> (55 bytes)
Event: 181316.814 Thread 0x0000000054ed5800 nmethod 7043 0x0000000002c0d210 code [0x0000000002c0d380, 0x0000000002c0d6c8]
Event: 181316.824 Thread 0x0000000054ed5800 7044       3       java.net.Socket::setTcpNoDelay (30 bytes)
Event: 181316.828 Thread 0x0000000054ed5800 nmethod 7044 0x0000000002af2c10 code [0x0000000002af2de0, 0x0000000002af3458]
Event: 181316.829 Thread 0x0000000054ed5800 7045  s    3       java.net.PlainSocketImpl::create (20 bytes)
Event: 181316.830 Thread 0x0000000054ed5800 nmethod 7045 0x0000000003541dd0 code [0x0000000003541f40, 0x00000000035422e8]
Event: 181316.837 Thread 0x0000000054ed5800 7046  s!   3       java.net.AbstractPlainSocketImpl::create (87 bytes)
Event: 181316.849 Thread 0x0000000054ed5800 nmethod 7046 0x0000000003cd88d0 code [0x0000000003cd8ac0, 0x0000000003cd94d8]
Event: 181316.851 Thread 0x0000000054ed5800 7065   !   3       com.mysql.jdbc.ConnectionImpl::configureClientCharacterSet (1831 bytes)

GC Heap History (10 events):
Event: 3548.509 GC heap before
{Heap before GC invocations=14 (full 2):
 PSYoungGen      total 165376K, used 147194K [0x00000000eab00000, 0x00000000fb080000, 0x0000000100000000)
  eden space 153600K, 88% used [0x00000000eab00000,0x00000000f2f41c48,0x00000000f4100000)
  from space 11776K, 99% used [0x00000000f4100000,0x00000000f4c7cee0,0x00000000f4c80000)
  to   space 15360K, 0% used [0x00000000fa180000,0x00000000fa180000,0x00000000fb080000)
 ParOldGen       total 46592K, used 23701K [0x00000000c0000000, 0x00000000c2d80000, 0x00000000eab00000)
  object space 46592K, 50% used [0x00000000c0000000,0x00000000c1725538,0x00000000c2d80000)
 Metaspace       used 56567K, capacity 58922K, committed 59028K, reserved 1099776K
  class space    used 7429K, capacity 7840K, committed 7896K, reserved 1048576K
Event: 3548.537 GC heap after
Heap after GC invocations=14 (full 2):
 PSYoungGen      total 248320K, used 9659K [0x00000000eab00000, 0x00000000faf00000, 0x0000000100000000)
  eden space 234496K, 0% used [0x00000000eab00000,0x00000000eab00000,0x00000000f9000000)
  from space 13824K, 69% used [0x00000000fa180000,0x00000000faaeedc8,0x00000000faf00000)
  to   space 15872K, 0% used [0x00000000f9000000,0x00000000f9000000,0x00000000f9f80000)
 ParOldGen       total 46592K, used 29625K [0x00000000c0000000, 0x00000000c2d80000, 0x00000000eab00000)
  object space 46592K, 63% used [0x00000000c0000000,0x00000000c1cee688,0x00000000c2d80000)
 Metaspace       used 56567K, capacity 58922K, committed 59028K, reserved 1099776K
  class space    used 7429K, capacity 7840K, committed 7896K, reserved 1048576K
}
Event: 3548.537 GC heap before
{Heap before GC invocations=15 (full 3):
 PSYoungGen      total 248320K, used 9659K [0x00000000eab00000, 0x00000000faf00000, 0x0000000100000000)
  eden space 234496K, 0% used [0x00000000eab00000,0x00000000eab00000,0x00000000f9000000)
  from space 13824K, 69% used [0x00000000fa180000,0x00000000faaeedc8,0x00000000faf00000)
  to   space 15872K, 0% used [0x00000000f9000000,0x00000000f9000000,0x00000000f9f80000)
 ParOldGen       total 46592K, used 29625K [0x00000000c0000000, 0x00000000c2d80000, 0x00000000eab00000)
  object space 46592K, 63% used [0x00000000c0000000,0x00000000c1cee688,0x00000000c2d80000)
 Metaspace       used 56567K, capacity 58922K, committed 59028K, reserved 1099776K
  class space    used 7429K, capacity 7840K, committed 7896K, reserved 1048576K
Event: 3548.686 GC heap after
Heap after GC invocations=15 (full 3):
 PSYoungGen      total 248320K, used 0K [0x00000000eab00000, 0x00000000faf00000, 0x0000000100000000)
  eden space 234496K, 0% used [0x00000000eab00000,0x00000000eab00000,0x00000000f9000000)
  from space 13824K, 0% used [0x00000000fa180000,0x00000000fa180000,0x00000000faf00000)
  to   space 15872K, 0% used [0x00000000f9000000,0x00000000f9000000,0x00000000f9f80000)
 ParOldGen       total 58368K, used 25708K [0x00000000c0000000, 0x00000000c3900000, 0x00000000eab00000)
  object space 58368K, 44% used [0x00000000c0000000,0x00000000c191b260,0x00000000c3900000)
 Metaspace       used 56401K, capacity 58660K, committed 59028K, reserved 1099776K
  class space    used 7402K, capacity 7791K, committed 7896K, reserved 1048576K
}
Event: 44431.380 GC heap before
{Heap before GC invocations=16 (full 3):
 PSYoungGen      total 248320K, used 234496K [0x00000000eab00000, 0x00000000faf00000, 0x0000000100000000)
  eden space 234496K, 100% used [0x00000000eab00000,0x00000000f9000000,0x00000000f9000000)
  from space 13824K, 0% used [0x00000000fa180000,0x00000000fa180000,0x00000000faf00000)
  to   space 15872K, 0% used [0x00000000f9000000,0x00000000f9000000,0x00000000f9f80000)
 ParOldGen       total 58368K, used 25708K [0x00000000c0000000, 0x00000000c3900000, 0x00000000eab00000)
  object space 58368K, 44% used [0x00000000c0000000,0x00000000c191b260,0x00000000c3900000)
 Metaspace       used 57709K, capacity 60230K, committed 60504K, reserved 1101824K
  class space    used 7510K, capacity 7918K, committed 8024K, reserved 1048576K
Event: 44434.141 GC heap after
Heap after GC invocations=16 (full 3):
 PSYoungGen      total 250368K, used 12848K [0x00000000eab00000, 0x0000000100000000, 0x0000000100000000)
  eden space 234496K, 0% used [0x00000000eab00000,0x00000000eab00000,0x00000000f9000000)
  from space 15872K, 80% used [0x00000000f9000000,0x00000000f9c8c000,0x00000000f9f80000)
  to   space 16896K, 0% used [0x00000000fef80000,0x00000000fef80000,0x0000000100000000)
 ParOldGen       total 58368K, used 25716K [0x00000000c0000000, 0x00000000c3900000, 0x00000000eab00000)
  object space 58368K, 44% used [0x00000000c0000000,0x00000000c191d260,0x00000000c3900000)
 Metaspace       used 57709K, capacity 60230K, committed 60504K, reserved 1101824K
  class space    used 7510K, capacity 7918K, committed 8024K, reserved 1048576K
}
Event: 104989.697 GC heap before
{Heap before GC invocations=17 (full 3):
 PSYoungGen      total 250368K, used 247344K [0x00000000eab00000, 0x0000000100000000, 0x0000000100000000)
  eden space 234496K, 100% used [0x00000000eab00000,0x00000000f9000000,0x00000000f9000000)
  from space 15872K, 80% used [0x00000000f9000000,0x00000000f9c8c000,0x00000000f9f80000)
  to   space 16896K, 0% used [0x00000000fef80000,0x00000000fef80000,0x0000000100000000)
 ParOldGen       total 58368K, used 25716K [0x00000000c0000000, 0x00000000c3900000, 0x00000000eab00000)
  object space 58368K, 44% used [0x00000000c0000000,0x00000000c191d260,0x00000000c3900000)
 Metaspace       used 57995K, capacity 60486K, committed 60760K, reserved 1101824K
  class space    used 7510K, capacity 7918K, committed 8024K, reserved 1048576K
Event: 104995.162 GC heap after
Heap after GC invocations=17 (full 3):
 PSYoungGen      total 325120K, used 16885K [0x00000000eab00000, 0x0000000100000000, 0x0000000100000000)
  eden space 308224K, 0% used [0x00000000eab00000,0x00000000eab00000,0x00000000fd800000)
  from space 16896K, 99% used [0x00000000fef80000,0x00000000ffffd4b0,0x0000000100000000)
  to   space 20480K, 0% used [0x00000000fd800000,0x00000000fd800000,0x00000000fec00000)
 ParOldGen       total 58368K, used 28127K [0x00000000c0000000, 0x00000000c3900000, 0x00000000eab00000)
  object space 58368K, 48% used [0x00000000c0000000,0x00000000c1b77f80,0x00000000c3900000)
 Metaspace       used 57995K, capacity 60486K, committed 60760K, reserved 1101824K
  class space    used 7510K, capacity 7918K, committed 8024K, reserved 1048576K
}
Event: 158392.357 GC heap before
{Heap before GC invocations=18 (full 3):
 PSYoungGen      total 325120K, used 325109K [0x00000000eab00000, 0x0000000100000000, 0x0000000100000000)
  eden space 308224K, 100% used [0x00000000eab00000,0x00000000fd800000,0x00000000fd800000)
  from space 16896K, 99% used [0x00000000fef80000,0x00000000ffffd4b0,0x0000000100000000)
  to   space 20480K, 0% used [0x00000000fd800000,0x00000000fd800000,0x00000000fec00000)
 ParOldGen       total 58368K, used 28127K [0x00000000c0000000, 0x00000000c3900000, 0x00000000eab00000)
  object space 58368K, 48% used [0x00000000c0000000,0x00000000c1b77f80,0x00000000c3900000)
 Metaspace       used 58000K, capacity 60486K, committed 60760K, reserved 1101824K
  class space    used 7510K, capacity 7918K, committed 8024K, reserved 1048576K
Event: 158395.087 GC heap after
Heap after GC invocations=18 (full 3):
 PSYoungGen      total 324096K, used 15412K [0x00000000eab00000, 0x0000000100000000, 0x0000000100000000)
  eden space 308224K, 0% used [0x00000000eab00000,0x00000000eab00000,0x00000000fd800000)
  from space 15872K, 97% used [0x00000000fd800000,0x00000000fe70d250,0x00000000fe780000)
  to   space 21504K, 0% used [0x00000000feb00000,0x00000000feb00000,0x0000000100000000)
 ParOldGen       total 58368K, used 28896K [0x00000000c0000000, 0x00000000c3900000, 0x00000000eab00000)
  object space 58368K, 49% used [0x00000000c0000000,0x00000000c1c38010,0x00000000c3900000)
 Metaspace       used 58000K, capacity 60486K, committed 60760K, reserved 1101824K
  class space    used 7510K, capacity 7918K, committed 8024K, reserved 1048576K
}

Deoptimization events (10 events):
Event: 18649.157 Thread 0x00000000581f1000 Uncommon trap: reason=unhandled action=none pc=0x00000000030a333c method=java.net.URLClassLoader.findClass(Ljava/lang/String;)Ljava/lang/Class; @ 44
Event: 18706.550 Thread 0x00000000607e2800 Uncommon trap: reason=unloaded action=reinterpret pc=0x0000000002cd222c method=org.apache.tomcat.util.net.NioEndpoint$Poller.timeout(IZ)V @ 286
Event: 19471.470 Thread 0x00000000581ef000 Uncommon trap: reason=unhandled action=none pc=0x00000000030a333c method=java.net.URLClassLoader.findClass(Ljava/lang/String;)Ljava/lang/Class; @ 44
Event: 19471.528 Thread 0x00000000581ef000 Uncommon trap: reason=unhandled action=none pc=0x00000000030a333c method=java.net.URLClassLoader.findClass(Ljava/lang/String;)Ljava/lang/Class; @ 44
Event: 19471.540 Thread 0x00000000581ef000 Uncommon trap: reason=unhandled action=none pc=0x00000000030a333c method=java.net.URLClassLoader.findClass(Ljava/lang/String;)Ljava/lang/Class; @ 44
Event: 19471.546 Thread 0x00000000581ef000 Uncommon trap: reason=unhandled action=none pc=0x00000000030a333c method=java.net.URLClassLoader.findClass(Ljava/lang/String;)Ljava/lang/Class; @ 44
Event: 19471.575 Thread 0x00000000581ef000 Uncommon trap: reason=unhandled action=none pc=0x00000000030a333c method=java.net.URLClassLoader.findClass(Ljava/lang/String;)Ljava/lang/Class; @ 44
Event: 164522.222 Thread 0x0000000058088000 Uncommon trap: reason=unhandled action=none pc=0x00000000030a333c method=java.net.URLClassLoader.findClass(Ljava/lang/String;)Ljava/lang/Class; @ 44
Event: 170234.407 Thread 0x0000000056ec4000 Uncommon trap: reason=unstable_if action=reinterpret pc=0x00000000031f215c method=java.util.zip.ZipCoder.getBytes(Ljava/lang/String;)[B @ 32
Event: 170234.450 Thread 0x0000000056ec4000 Uncommon trap: reason=unstable_if action=reinterpret pc=0x00000000031e7370 method=java.util.zip.ZipCoder.getBytes(Ljava/lang/String;)[B @ 32

Internal exceptions (10 events):
Event: 3553.763 Thread 0x00000000607e6000 Implicit null exception at 0x00000000030b6ef0 to 0x00000000030b73f9
Event: 8380.409 Thread 0x00000000581f1000 Implicit null exception at 0x0000000002e99fca to 0x0000000002e9f209
Event: 8380.475 Thread 0x00000000581f1000 Implicit null exception at 0x00000000036ea32f to 0x00000000036eb9a1
Event: 8380.541 Thread 0x00000000581f1000 Implicit null exception at 0x000000000328f299 to 0x000000000328f8e1
Event: 8380.541 Thread 0x00000000581f1000 Implicit null exception at 0x0000000003968cc6 to 0x000000000397bcbd
Event: 8380.541 Thread 0x00000000581f1000 Implicit null exception at 0x000000000346bc0b to 0x00000000034716f5
Event: 18635.179 Thread 0x00000000581f0800 Implicit null exception at 0x00000000030a21ed to 0x00000000030a28a5
Event: 18636.274 Thread 0x00000000581f0800 Exception <a 'java/lang/ArrayIndexOutOfBoundsException': 68> (0x00000000f118f0d0) thrown at [C:\re\workspace\8-2-build-windows-amd64-cygwin\jdk8u144\9417\hotspot\src\share\vm\interpreter\interpreterRuntime.cpp, line 366]
Event: 18636.291 Thread 0x00000000581f0800 Exception <a 'java/lang/ArrayIndexOutOfBoundsException': 48> (0x00000000f1190d60) thrown at [C:\re\workspace\8-2-build-windows-amd64-cygwin\jdk8u144\9417\hotspot\src\share\vm\interpreter\interpreterRuntime.cpp, line 366]
Event: 18646.566 Thread 0x00000000581ee000 Exception <a 'java/lang/ArrayIndexOutOfBoundsException': 142> (0x00000000f13cf398) thrown at [C:\re\workspace\8-2-build-windows-amd64-cygwin\jdk8u144\9417\hotspot\src\share\vm\interpreter\interpreterRuntime.cpp, line 366]

Events (10 events):
Event: 181314.697 Thread 0x00000000607e5800 Thread exited: 0x00000000607e5800
Event: 181314.760 Executing VM operation: RevokeBias
Event: 181314.760 Executing VM operation: RevokeBias done
Event: 181314.760 Thread 0x00000000607e6000 Thread exited: 0x00000000607e6000
Event: 181316.806 Thread 0x00000000607e6000 Thread added: 0x00000000607e6000
Event: 181316.806 Thread 0x00000000607e5800 Thread added: 0x00000000607e5800
Event: 181316.815 Thread 0x0000000054ed5800 flushing nmethod 0x0000000002af2a90
Event: 181316.815 Thread 0x0000000054ed5800 flushing nmethod 0x0000000002b0c550
Event: 181316.828 Thread 0x0000000054ed5800 flushing nmethod 0x0000000002b3b190
Event: 181316.830 Thread 0x0000000054ed5800 flushing nmethod 0x0000000002c0ba90


Dynamic libraries:
0x000000013ffd0000 - 0x0000000140007000 	C:\Program Files\Java\jdk1.8.0_144\bin\javaw.exe
0x0000000077c00000 - 0x0000000077da9000 	C:\Windows\SYSTEM32\ntdll.dll
0x00000000779e0000 - 0x0000000077aff000 	C:\Windows\system32\kernel32.dll
0x000007fefdc00000 - 0x000007fefdc6b000 	C:\Windows\system32\KERNELBASE.dll
0x000007fefe660000 - 0x000007fefe73b000 	C:\Windows\system32\ADVAPI32.dll
0x000007fefe5c0000 - 0x000007fefe65f000 	C:\Windows\system32\msvcrt.dll
0x000007feff880000 - 0x000007feff89f000 	C:\Windows\SYSTEM32\sechost.dll
0x000007feff6d0000 - 0x000007feff7fd000 	C:\Windows\system32\RPCRT4.dll
0x0000000077b00000 - 0x0000000077bfa000 	C:\Windows\system32\USER32.dll
0x000007fefe010000 - 0x000007fefe077000 	C:\Windows\system32\GDI32.dll
0x000007fefe5b0000 - 0x000007fefe5be000 	C:\Windows\system32\LPK.dll
0x000007feff5e0000 - 0x000007feff6a9000 	C:\Windows\system32\USP10.dll
0x000007fefc390000 - 0x000007fefc584000 	C:\Windows\WinSxS\amd64_microsoft.windows.common-controls_6595b64144ccf1df_6.0.7601.17514_none_fa396087175ac9ac\COMCTL32.dll
0x000007fefe7a0000 - 0x000007fefe811000 	C:\Windows\system32\SHLWAPI.dll
0x000007feff5b0000 - 0x000007feff5de000 	C:\Windows\system32\IMM32.DLL
0x000007fefe080000 - 0x000007fefe189000 	C:\Windows\system32\MSCTF.dll
0x000000006d110000 - 0x000000006d1e2000 	C:\Program Files\Java\jdk1.8.0_144\jre\bin\msvcr100.dll
0x000000006c870000 - 0x000000006d10d000 	C:\Program Files\Java\jdk1.8.0_144\jre\bin\server\jvm.dll
0x000007fef61b0000 - 0x000007fef61b9000 	C:\Windows\system32\WSOCK32.dll
0x000007fefdf20000 - 0x000007fefdf6d000 	C:\Windows\system32\WS2_32.dll
0x000007fefff00000 - 0x000007fefff08000 	C:\Windows\system32\NSI.dll
0x000007fefbd10000 - 0x000007fefbd4b000 	C:\Windows\system32\WINMM.dll
0x000007fefccb0000 - 0x000007fefccbc000 	C:\Windows\system32\VERSION.dll
0x0000000077dc0000 - 0x0000000077dc7000 	C:\Windows\system32\PSAPI.DLL
0x0000000071a20000 - 0x0000000071a2f000 	C:\Program Files\Java\jdk1.8.0_144\jre\bin\verify.dll
0x000000006f050000 - 0x000000006f079000 	C:\Program Files\Java\jdk1.8.0_144\jre\bin\java.dll
0x000000006e7b0000 - 0x000000006e7e5000 	C:\Program Files\Java\jdk1.8.0_144\jre\bin\jdwp.dll
0x000000006f040000 - 0x000000006f048000 	C:\Program Files\Java\jdk1.8.0_144\jre\bin\npt.dll
0x000000006e790000 - 0x000000006e7a6000 	C:\Program Files\Java\jdk1.8.0_144\jre\bin\zip.dll
0x000007fefe820000 - 0x000007feff5a8000 	C:\Windows\system32\SHELL32.dll
0x000007fefe190000 - 0x000007fefe393000 	C:\Windows\system32\ole32.dll
0x000007fefdb50000 - 0x000007fefdb5f000 	C:\Windows\system32\profapi.dll
0x000000006f020000 - 0x000000006f029000 	C:\Program Files\Java\jdk1.8.0_144\jre\bin\dt_socket.dll
0x000007fefbef0000 - 0x000007fefbf05000 	C:\Windows\system32\NLAapi.dll
0x000007fef7b10000 - 0x000007fef7b25000 	C:\Windows\system32\napinsp.dll
0x000007fef7af0000 - 0x000007fef7b09000 	C:\Windows\system32\pnrpnsp.dll
0x000007fefd380000 - 0x000007fefd3d5000 	C:\Windows\System32\mswsock.dll
0x000007fefd200000 - 0x000007fefd25b000 	C:\Windows\system32\DNSAPI.dll
0x000007fef7ae0000 - 0x000007fef7aeb000 	C:\Windows\System32\winrnr.dll
0x000007fefb830000 - 0x000007fefb857000 	C:\Windows\system32\IPHLPAPI.DLL
0x000007fefb860000 - 0x000007fefb86b000 	C:\Windows\system32\WINNSI.DLL
0x000007fefb720000 - 0x000007fefb773000 	C:\Windows\System32\fwpuclnt.dll
0x000007fef7160000 - 0x000007fef7168000 	C:\Windows\system32\rasadhlp.dll
0x000007fefcd80000 - 0x000007fefcd87000 	C:\Windows\System32\wshtcpip.dll
0x000000006f010000 - 0x000000006f01d000 	C:\Program Files\Java\jdk1.8.0_144\jre\bin\management.dll
0x000000006e770000 - 0x000000006e78a000 	C:\Program Files\Java\jdk1.8.0_144\jre\bin\net.dll
0x000007fefd370000 - 0x000007fefd377000 	C:\Windows\System32\wship6.dll
0x0000000073ab0000 - 0x0000000073ac1000 	C:\Program Files\Java\jdk1.8.0_144\jre\bin\nio.dll
0x000007fefd3e0000 - 0x000007fefd3f7000 	C:\Windows\system32\CRYPTSP.dll
0x000007fefd0e0000 - 0x000007fefd127000 	C:\Windows\system32\rsaenh.dll
0x000007fefcea0000 - 0x000007fefcebe000 	C:\Windows\system32\USERENV.dll
0x000007fefda40000 - 0x000007fefda4f000 	C:\Windows\system32\CRYPTBASE.dll
0x000007fefb6e0000 - 0x000007fefb6f1000 	C:\Windows\system32\dhcpcsvc6.DLL
0x000007fefb540000 - 0x000007fefb558000 	C:\Windows\system32\dhcpcsvc.DLL

VM Arguments:
jvm_args: -agentlib:jdwp=transport=dt_socket,suspend=y,address=localhost:54884 -Dfile.encoding=UTF-8 
java_command: com.cts.tm.TaskManagerApplication
java_class_path (initial): C:\Users\Admin\Arindam_FSE\TaskManager\target\classes;C:\Users\Admin\.m2\repository\org\springframework\boot\spring-boot-starter-web\2.0.1.RELEASE\spring-boot-starter-web-2.0.1.RELEASE.jar;C:\Users\Admin\.m2\repository\org\springframework\boot\spring-boot-starter\2.0.1.RELEASE\spring-boot-starter-2.0.1.RELEASE.jar;C:\Users\Admin\.m2\repository\org\springframework\boot\spring-boot\2.0.1.RELEASE\spring-boot-2.0.1.RELEASE.jar;C:\Users\Admin\.m2\repository\org\springframework\boot\spring-boot-autoconfigure\2.0.1.RELEASE\spring-boot-autoconfigure-2.0.1.RELEASE.jar;C:\Users\Admin\.m2\repository\org\springframework\boot\spring-boot-starter-logging\2.0.1.RELEASE\spring-boot-starter-logging-2.0.1.RELEASE.jar;C:\Users\Admin\.m2\repository\ch\qos\logback\logback-classic\1.2.3\logback-classic-1.2.3.jar;C:\Users\Admin\.m2\repository\ch\qos\logback\logback-core\1.2.3\logback-core-1.2.3.jar;C:\Users\Admin\.m2\repository\org\apache\logging\log4j\log4j-to-slf4j\2.10.0\log4j-to-slf4j-2.10.0.jar;C:\Users\Admin\.m2\repository\org\apache\logging\log4j\log4j-api\2.10.0\log4j-api-2.10.0.jar;C:\Users\Admin\.m2\repository\org\slf4j\jul-to-slf4j\1.7.25\jul-to-slf4j-1.7.25.jar;C:\Users\Admin\.m2\repository\javax\annotation\javax.annotation-api\1.3.2\javax.annotation-api-1.3.2.jar;C:\Users\Admin\.m2\repository\org\yaml\snakeyaml\1.19\snakeyaml-1.19.jar;C:\Users\Admin\.m2\repository\org\springframework\boot\spring-boot-starter-json\2.0.1.RELEASE\spring-boot-starter-json-2.0.1.RELEASE.jar;C:\Users\Admin\.m2\repository\com\fasterxml\jackson\core\jackson-databind\2.9.5\jackson-databind-2.9.5.jar;C:\Users\Admin\.m2\repository\com\fasterxml\jackson\core\jackson-annotations\2.9.0\jackson-annotations-2.9.0.jar;C:\Users\Admin\.m2\repository\com\fasterxml\jackson\core\jackson-core\2.9.5\jackson-core-2.9.5.jar;C:\Users\Admin\.m2\repository\com\fasterxml\jackson\datatype\jackson-datatype-jdk8\2.9.5\jackson-datatype-jdk8-2.9.5.jar;C:\Users\Admin\.m2\repository\com\fasterxml\jac
Launcher Type: SUN_STANDARD

Environment Variables:
PATH=C:\Program Files\Java\jdk1.8.0_144\jre\bin;C:/Program Files/Java/jre1.8.0_144/bin/server;C:/Program Files/Java/jre1.8.0_144/bin;C:/Program Files/Java/jre1.8.0_144/lib/amd64;C:\ProgramData\Oracle\Java\javapath;C:\Windows\system32;C:\Windows;C:\Windows\System32\Wbem;C:\Windows\System32\WindowsPowerShell\v1.0\;C:\Program Files\Git\cmd;C:\Program Files (x86)\MySQL\MySQL Fabric 1.5 & MySQL Utilities 1.5\;C:\Program Files (x86)\MySQL\MySQL Fabric 1.5 & MySQL Utilities 1.5\Doctrine extensions for PHP\;C:\Program Files\nodejs\;C:\java cognizant\docker;C:\Program Files\Microsoft VS Code\bin;C:\Users\Admin\AppData\Roaming\npm;C:\java cognizant\eclipse-java-oxygen-R-win32-x86_64\eclipse;
USERNAME=Admin
OS=Windows_NT
PROCESSOR_IDENTIFIER=Intel64 Family 6 Model 85 Stepping 4, GenuineIntel



---------------  S Y S T E M  ---------------

OS: Windows 7 , 64 bit Build 7601 (6.1.7601.17514)

CPU:total 2 (initial active 2) (2 cores per cpu, 1 threads per core) family 6 model 85 stepping 4, cmov, cx8, fxsr, mmx, sse, sse2, sse3, ssse3, sse4.1, sse4.2, popcnt, avx, avx2, aes, clmul, erms, rtm, 3dnowpref, lzcnt, tsc, bmi1, bmi2

Memory: 4k page, physical 4193848k(253868k free), swap 16773548k(5116k free)

vm_info: Java HotSpot(TM) 64-Bit Server VM (25.144-b01) for windows-amd64 JRE (1.8.0_144-b01), built on Jul 21 2017 21:57:33 by "java_re" with MS VC++ 10.0 (VS2010)

time: Fri Apr 26 12:33:14 2019
elapsed time: 181317 seconds (2d 2h 21m 57s)

